<?xml version="1.0" encoding="UTF-8"?>
<!-- Generated by org.testng.reporters.JUnitReportReporter -->
<testsuite hostname="DESKTOP-AQF7BNU" failures="0" tests="11" name="com.test.LoginTestNG" time="63.811" errors="0" timestamp="2023-08-30T17:40:43 BDT" skipped="0">
  <testcase classname="com.test.LoginTestNG" name="testValidLogin" time="6.399"/>
  <testcase classname="com.test.LoginTestNG" name="testlogin_InvalidUsername_And_ValidPassword" time="4.390"/>
  <testcase classname="com.test.LoginTestNG" name="testlogin_InvalidUsername_And_InvalidPassword" time="4.227"/>
  <testcase classname="com.test.LoginTestNG" name="testlogin_ValidUsername_And_InvalidPassword" time="5.695"/>
  <testcase classname="com.test.LoginTestNG" name="testLogin_EmptyPassword" time="4.338"/>
  <testcase classname="com.test.LoginTestNG" name="testLogin_EmptyUsername" time="4.247"/>
  <testcase classname="com.test.LoginTestNG" name="testLogin_EmptyUsername_And_Password" time="4.235"/>
  <testcase classname="com.test.LoginTestNG" name="testAlertMessage_InvalidUsername" time="20.959"/>
  <testcase classname="com.test.LoginTestNG" name="testAlertMessage_InvalidPassword" time="4.308"/>
  <testcase classname="com.test.LoginTestNG" name="testEnterKeyAsLogin" time="1.142"/>
  <testcase classname="com.test.LoginTestNG" name="testForgotPasswordRedirect" time="3.871"/>
</testsuite> <!-- com.test.LoginTestNG -->
