<?xml version="1.0" encoding="UTF-8"?>
<!-- Generated by org.testng.reporters.JUnitReportReporter -->
<testsuite hostname="DESKTOP-AQF7BNU" failures="0" tests="11" name="LoginTestNG" time="56.678" errors="0" timestamp="2023-08-20T19:42:41 BDT" skipped="0">
  <testcase classname="LoginTestNG" name="testValidLogin" time="17.491"/>
  <testcase classname="LoginTestNG" name="Testcase2" time="5.027"/>
  <testcase classname="LoginTestNG" name="testcase3" time="4.351"/>
  <testcase classname="LoginTestNG" name="testcase4" time="4.382"/>
  <testcase classname="LoginTestNG" name="testcase5" time="4.307"/>
  <testcase classname="LoginTestNG" name="testcase6" time="4.295"/>
  <testcase classname="LoginTestNG" name="testcase7" time="4.363"/>
  <testcase classname="LoginTestNG" name="testcase8" time="4.325"/>
  <testcase classname="LoginTestNG" name="testcase9" time="4.300"/>
  <testcase classname="LoginTestNG" name="testcase10" time="1.146"/>
  <testcase classname="LoginTestNG" name="testcase11" time="2.691"/>
</testsuite> <!-- LoginTestNG -->
